<?xml version="1.0" encoding="UTF-8"?>
<!-- Generated by org.testng.reporters.JUnitXMLReporter -->
<testsuite hostname="LAPTOP-UI4SAG9M" ignored="0" name="Default test" tests="4" failures="0" timestamp="2020-06-15T12:07:38 IST" time="71.892" errors="0">
  <testcase name="Login" time="4.408" classname="tests.LoginTest"/>
  <testcase name="Home" time="7.074" classname="tests.HomeTest"/>
  <testcase name="profile" time="12.081" classname="tests.ProfileTest"/>
  <testcase name="jobs" time="36.591" classname="tests.JobTest"/>
</testsuite> <!-- Default test -->
